<?xml version="1.0" encoding="UTF-8"?>
<!-- Generated by org.testng.reporters.JUnitXMLReporter -->
<testsuite ignored="0" hostname="DESKTOP-JOKB8D4" failures="0" tests="3" name="account and customer related tests" time="36.499" errors="0" timestamp="2022-10-15T16:47:46 GMT-04:00">
  <testcase classname="XYZBankTests.BankAccountAndCustomerTests" name="harshaTest" time="0.011"/>
  <testcase classname="XYZBankTests.BankAccountAndCustomerTests" name="testAddCustomer" time="9.999"/>
  <testcase classname="XYZBankTests.BankAccountAndCustomerTests" name="testAddCustomerAndAddAccount" time="15.945"/>
</testsuite> <!-- account and customer related tests -->
